2025-11-07T15:14:56,828 - Requests2XX.Count:1.0|#Level:Host|#hostname:statmike.c.googlers.com,timestamp:1762528496
2025-11-07T15:14:57,255 - CPUUtilization.Percent:100.0|#Level:Host|#hostname:statmike.c.googlers.com,timestamp:1762528497
2025-11-07T15:14:57,262 - DiskAvailable.Gigabytes:320.6967468261719|#Level:Host|#hostname:statmike.c.googlers.com,timestamp:1762528497
2025-11-07T15:14:57,263 - DiskUsage.Gigabytes:117.39075469970703|#Level:Host|#hostname:statmike.c.googlers.com,timestamp:1762528497
2025-11-07T15:14:57,264 - DiskUtilization.Percent:26.8|#Level:Host|#hostname:statmike.c.googlers.com,timestamp:1762528497
2025-11-07T15:14:57,264 - MemoryAvailable.Megabytes:18832.859375|#Level:Host|#hostname:statmike.c.googlers.com,timestamp:1762528497
2025-11-07T15:14:57,264 - MemoryUsed.Megabytes:12773.8828125|#Level:Host|#hostname:statmike.c.googlers.com,timestamp:1762528497
2025-11-07T15:14:57,265 - MemoryUtilization.Percent:41.3|#Level:Host|#hostname:statmike.c.googlers.com,timestamp:1762528497
2025-11-07T15:15:01,608 - WorkerLoadTime.Milliseconds:5784.0|#WorkerName:W-9005-pytorch_autoencoder_1.0,Level:Host|#hostname:statmike.c.googlers.com,timestamp:1762528501
2025-11-07T15:15:01,609 - WorkerThreadTime.Milliseconds:21.0|#Level:Host|#hostname:statmike.c.googlers.com,timestamp:1762528501
2025-11-07T15:15:01,698 - WorkerLoadTime.Milliseconds:5876.0|#WorkerName:W-9003-pytorch_autoencoder_1.0,Level:Host|#hostname:statmike.c.googlers.com,timestamp:1762528501
2025-11-07T15:15:01,699 - WorkerThreadTime.Milliseconds:5.0|#Level:Host|#hostname:statmike.c.googlers.com,timestamp:1762528501
2025-11-07T15:15:01,707 - WorkerLoadTime.Milliseconds:5886.0|#WorkerName:W-9001-pytorch_autoencoder_1.0,Level:Host|#hostname:statmike.c.googlers.com,timestamp:1762528501
2025-11-07T15:15:01,709 - WorkerThreadTime.Milliseconds:5.0|#Level:Host|#hostname:statmike.c.googlers.com,timestamp:1762528501
2025-11-07T15:15:01,731 - WorkerLoadTime.Milliseconds:5908.0|#WorkerName:W-9004-pytorch_autoencoder_1.0,Level:Host|#hostname:statmike.c.googlers.com,timestamp:1762528501
2025-11-07T15:15:01,731 - WorkerThreadTime.Milliseconds:2.0|#Level:Host|#hostname:statmike.c.googlers.com,timestamp:1762528501
2025-11-07T15:15:01,801 - WorkerLoadTime.Milliseconds:5977.0|#WorkerName:W-9007-pytorch_autoencoder_1.0,Level:Host|#hostname:statmike.c.googlers.com,timestamp:1762528501
2025-11-07T15:15:01,802 - WorkerThreadTime.Milliseconds:3.0|#Level:Host|#hostname:statmike.c.googlers.com,timestamp:1762528501
2025-11-07T15:15:01,824 - WorkerLoadTime.Milliseconds:6001.0|#WorkerName:W-9006-pytorch_autoencoder_1.0,Level:Host|#hostname:statmike.c.googlers.com,timestamp:1762528501
2025-11-07T15:15:01,824 - WorkerThreadTime.Milliseconds:2.0|#Level:Host|#hostname:statmike.c.googlers.com,timestamp:1762528501
2025-11-07T15:15:02,017 - WorkerLoadTime.Milliseconds:6195.0|#WorkerName:W-9002-pytorch_autoencoder_1.0,Level:Host|#hostname:statmike.c.googlers.com,timestamp:1762528502
2025-11-07T15:15:02,018 - WorkerThreadTime.Milliseconds:1.0|#Level:Host|#hostname:statmike.c.googlers.com,timestamp:1762528502
2025-11-07T15:15:02,063 - WorkerLoadTime.Milliseconds:6244.0|#WorkerName:W-9000-pytorch_autoencoder_1.0,Level:Host|#hostname:statmike.c.googlers.com,timestamp:1762528502
2025-11-07T15:15:02,064 - WorkerThreadTime.Milliseconds:1.0|#Level:Host|#hostname:statmike.c.googlers.com,timestamp:1762528502
2025-11-07T15:15:16,680 - ts_inference_requests_total.Count:1.0|#model_name:pytorch_autoencoder,model_version:default|#hostname:statmike.c.googlers.com,timestamp:1762528516
2025-11-07T15:15:16,781 - Requests2XX.Count:1.0|#Level:Host|#hostname:statmike.c.googlers.com,timestamp:1762528516
2025-11-07T15:15:16,782 - ts_inference_latency_microseconds.Microseconds:100262.079|#model_name:pytorch_autoencoder,model_version:default|#hostname:statmike.c.googlers.com,timestamp:1762528516
2025-11-07T15:15:16,782 - ts_queue_latency_microseconds.Microseconds:368.912|#model_name:pytorch_autoencoder,model_version:default|#hostname:statmike.c.googlers.com,timestamp:1762528516
2025-11-07T15:15:16,783 - QueueTime.Milliseconds:0.0|#Level:Host|#hostname:statmike.c.googlers.com,timestamp:1762528516
2025-11-07T15:15:16,783 - WorkerThreadTime.Milliseconds:19.0|#Level:Host|#hostname:statmike.c.googlers.com,timestamp:1762528516
2025-11-07T15:15:20,594 - Requests2XX.Count:1.0|#Level:Host|#hostname:statmike.c.googlers.com,timestamp:1762528520
2025-11-07T15:15:20,627 - Requests2XX.Count:1.0|#Level:Host|#hostname:statmike.c.googlers.com,timestamp:1762528520
2025-11-07T15:15:23,876 - Requests2XX.Count:1.0|#Level:Host|#hostname:statmike.c.googlers.com,timestamp:1762528523
2025-11-07T15:15:33,584 - Requests2XX.Count:1.0|#Level:Host|#hostname:statmike.c.googlers.com,timestamp:1762528533
2025-11-07T15:15:35,633 - Requests2XX.Count:1.0|#Level:Host|#hostname:statmike.c.googlers.com,timestamp:1762528535
2025-11-07T15:15:38,312 - Requests2XX.Count:1.0|#Level:Host|#hostname:statmike.c.googlers.com,timestamp:1762528538
2025-11-07T15:15:43,708 - Requests2XX.Count:1.0|#Level:Host|#hostname:statmike.c.googlers.com,timestamp:1762528543
2025-11-07T15:15:45,799 - Requests2XX.Count:1.0|#Level:Host|#hostname:statmike.c.googlers.com,timestamp:1762528545
